#
# There is insufficient memory for the Java Runtime Environment to continue.
# Native memory allocation (mmap) failed to map 4294967296 bytes for committing reserved memory.
# Possible reasons:
#   The system is out of physical RAM or swap space
#   The process is running with CompressedOops enabled, and the Java Heap may be blocking the growth of the native heap
# Possible solutions:
#   Reduce memory load on the system
#   Increase physical memory or swap space
#   Check if swap backing store is full
#   Decrease Java heap size (-Xmx/-Xms)
#   Decrease number of Java threads
#   Decrease Java thread stack sizes (-Xss)
#   Set larger code cache with -XX:ReservedCodeCacheSize=
#   JVM is running with Zero Based Compressed Oops mode in which the Java heap is
#     placed in the first 32GB address space. The Java Heap base address is the
#     maximum limit for the native heap growth. Please use -XX:HeapBaseMinAddress
#     to set the Java Heap base and to place the Java Heap above 32GB virtual address.
# This output file may be truncated or incomplete.
#
#  Out of Memory Error (os_linux.cpp:2775), pid=10360, tid=10361
#
# JRE version:  (17.0.6+9) (build )
# Java VM: Java HotSpot(TM) 64-Bit Server VM (17.0.6+9-LTS-190, mixed mode, sharing, tiered, compressed oops, compressed class ptrs, g1 gc, linux-amd64)
# Core dump will be written. Default location: Core dumps may be processed with "/usr/share/apport/apport -p%p -s%s -c%c -d%d -P%P -u%u -g%g -- %E" (or dumping to /minecraft/core.10360)
#

---------------  S U M M A R Y ------------

Command Line: -Xmx4096M -Xms4096M server.jar nogui

Host: QEMU Virtual CPU version 4.2.0, 2 cores, 3G, Ubuntu 22.04.4 LTS
Time: Sat Oct  5 12:48:39 2024 MSK elapsed time: 0.009194 seconds (0d 0h 0m 0s)

---------------  T H R E A D  ---------------

Current thread (0x00007fd558023da0):  JavaThread "Unknown thread" [_thread_in_vm, id=10361, stack(0x00007fd55d0e1000,0x00007fd55d1e1000)]

Stack: [0x00007fd55d0e1000,0x00007fd55d1e1000],  sp=0x00007fd55d1df350,  free space=1016k
Native frames: (J=compiled Java code, j=interpreted, Vv=VM code, C=native code)
V  [libjvm.so+0xe160e1]  VMError::report_and_die(int, char const*, char const*, __va_list_tag*, Thread*, unsigned char*, void*, void*, char const*, int, unsigned long)+0x1a1
V  [libjvm.so+0xe16cad]  VMError::report_and_die(Thread*, char const*, int, unsigned long, VMErrorType, char const*, __va_list_tag*)+0x2d
V  [libjvm.so+0x5dab63]  report_vm_out_of_memory(char const*, int, unsigned long, VMErrorType, char const*, ...)+0xc3
V  [libjvm.so+0xbee488]  os::pd_commit_memory_or_exit(char*, unsigned long, unsigned long, bool, char const*)+0xd8
V  [libjvm.so+0xbe756d]  os::commit_memory_or_exit(char*, unsigned long, unsigned long, bool, char const*)+0x1d
V  [libjvm.so+0x70581e]  G1PageBasedVirtualSpace::commit(unsigned long, unsigned long)+0x18e
V  [libjvm.so+0x71a151]  G1RegionsLargerThanCommitSizeMapper::commit_regions(unsigned int, unsigned long, WorkGang*)+0x1a1
V  [libjvm.so+0x7aae98]  HeapRegionManager::commit_regions(unsigned int, unsigned long, WorkGang*)+0x58
V  [libjvm.so+0x7aca45]  HeapRegionManager::expand(unsigned int, unsigned int, WorkGang*)+0x35
V  [libjvm.so+0x7acc5e]  HeapRegionManager::expand_by(unsigned int, WorkGang*)+0x7e
V  [libjvm.so+0x6c008f]  G1CollectedHeap::expand(unsigned long, WorkGang*, double*)+0xef
V  [libjvm.so+0x6c083f]  G1CollectedHeap::initialize()+0x72f
V  [libjvm.so+0xdc749d]  universe_init()+0xbd
V  [libjvm.so+0x7cce07]  init_globals()+0x37
V  [libjvm.so+0xd9e57f]  Threads::create_vm(JavaVMInitArgs*, bool*)+0x39f
V  [libjvm.so+0x89abc1]  JNI_CreateJavaVM+0x51
C  [libjli.so+0x3a8f]  JavaMain+0x8f
C  [libjli.so+0x7ee9]  ThreadJavaMain+0x9


---------------  P R O C E S S  ---------------

Threads class SMR info:
_java_thread_list=0x00007fd55e5377a0, length=0, elements={
}

Java Threads: ( => current thread )

Other Threads:
  0x00007fd55808fe60 GCTaskThread "GC Thread#0" [stack: 0x00007fd55c369000,0x00007fd55c469000] [id=10362]
  0x00007fd5580a1430 ConcurrentGCThread "G1 Main Marker" [stack: 0x00007fd55c267000,0x00007fd55c367000] [id=10363]
  0x00007fd5580a2390 ConcurrentGCThread "G1 Conc#0" [stack: 0x00007fd55c165000,0x00007fd55c265000] [id=10364]

[error occurred during error reporting (printing all threads), id 0xb, SIGSEGV (0xb) at pc=0x00007fd55d9a5cb0]

VM state: not at safepoint (not fully initialized)

VM Mutex/Monitor currently owned by a thread:  ([mutex/lock_event])
[0x00007fd558021670] Heap_lock - owner thread: 0x00007fd558023da0

Heap address: 0x0000000700000000, size: 4096 MB, Compressed Oops mode: Zero based, Oop shift amount: 3

CDS archive(s) mapped at: [0x0000000000000000-0x0000000000000000-0x0000000000000000), size 0, SharedBaseAddress: 0x0000000800000000, ArchiveRelocationMode: 0.
Narrow klass base: 0x0000000000000000, Narrow klass shift: 0, Narrow klass range: 0x0

GC Precious Log:
<Empty>

Heap:
 garbage-first heap   total 0K, used 0K [0x0000000700000000, 0x0000000800000000)
  region size 2048K, 0 young (0K), 0 survivors (0K)

[error occurred during error reporting (printing heap information), id 0xb, SIGSEGV (0xb) at pc=0x00007fd55df5fd7a]

GC Heap History (0 events):
No events

Deoptimization events (0 events):
No events

Classes unloaded (0 events):
No events

Classes redefined (0 events):
No events

Internal exceptions (0 events):
No events

VM Operations (0 events):
No events

Events (2 events):
Event: 0.002 Protecting memory [0x00007fd55d0e1000,0x00007fd55d0e5000] with protection modes 0
Event: 0.003 Loaded shared library /usr/lib/jvm/java-17-oracle/lib/libjava.so


Dynamic libraries:
55c175760000-55c175761000 r-xp 00000000 fc:01 262787                     /usr/lib/jvm/java-17-oracle/bin/java
55c175762000-55c175763000 r--p 00001000 fc:01 262787                     /usr/lib/jvm/java-17-oracle/bin/java
55c175763000-55c175764000 rw-p 00002000 fc:01 262787                     /usr/lib/jvm/java-17-oracle/bin/java
55c175d50000-55c175d71000 rw-p 00000000 00:00 0                          [heap]
7fd52a000000-7fd52c000000 rw-p 00000000 00:00 0 
7fd52c000000-7fd52c021000 rw-p 00000000 00:00 0 
7fd52c021000-7fd530000000 ---p 00000000 00:00 0 
7fd530000000-7fd530021000 rw-p 00000000 00:00 0 
7fd530021000-7fd534000000 ---p 00000000 00:00 0 
7fd534000000-7fd534021000 rw-p 00000000 00:00 0 
7fd534021000-7fd538000000 ---p 00000000 00:00 0 
7fd53823c000-7fd5386eb000 rw-p 00000000 00:00 0 
7fd5386eb000-7fd5416eb000 ---p 00000000 00:00 0 
7fd5416eb000-7fd54195b000 rwxp 00000000 00:00 0 
7fd54195b000-7fd548c23000 ---p 00000000 00:00 0 
7fd548c23000-7fd548e93000 rwxp 00000000 00:00 0 
7fd548e93000-7fd5491b2000 ---p 00000000 00:00 0 
7fd5491b2000-7fd549422000 rwxp 00000000 00:00 0 
7fd549422000-7fd5506eb000 ---p 00000000 00:00 0 
7fd5506eb000-7fd558000000 r--s 00000000 fc:01 263205                     /usr/lib/jvm/java-17-oracle/lib/modules
7fd558000000-7fd5580b7000 rw-p 00000000 00:00 0 
7fd5580b7000-7fd55c000000 ---p 00000000 00:00 0 
7fd55c062000-7fd55c163000 rw-p 00000000 00:00 0 
7fd55c163000-7fd55c164000 ---p 00000000 00:00 0 
7fd55c164000-7fd55c265000 rw-p 00000000 00:00 0 
7fd55c265000-7fd55c266000 ---p 00000000 00:00 0 
7fd55c266000-7fd55c367000 rw-p 00000000 00:00 0 
7fd55c367000-7fd55c368000 ---p 00000000 00:00 0 
7fd55c368000-7fd55c4ae000 rw-p 00000000 00:00 0 
7fd55c4ae000-7fd55ccae000 ---p 00000000 00:00 0 
7fd55ccae000-7fd55ceb5000 rw-p 00000000 00:00 0 
7fd55ceb5000-7fd55cf9b000 ---p 00000000 00:00 0 
7fd55cf9b000-7fd55cfa0000 rw-p 00000000 00:00 0 
7fd55cfa0000-7fd55d086000 ---p 00000000 00:00 0 
7fd55d086000-7fd55d08b000 rw-p 00000000 00:00 0 
7fd55d08b000-7fd55d092000 ---p 00000000 00:00 0 
7fd55d092000-7fd55d0b6000 r-xp 00000000 fc:01 263181                     /usr/lib/jvm/java-17-oracle/lib/libjava.so
7fd55d0b6000-7fd55d0b7000 ---p 00024000 fc:01 263181                     /usr/lib/jvm/java-17-oracle/lib/libjava.so
7fd55d0b7000-7fd55d0b8000 r--p 00024000 fc:01 263181                     /usr/lib/jvm/java-17-oracle/lib/libjava.so
7fd55d0b8000-7fd55d0b9000 rw-p 00025000 fc:01 263181                     /usr/lib/jvm/java-17-oracle/lib/libjava.so
7fd55d0b9000-7fd55d0ba000 rw-p 00000000 00:00 0 
7fd55d0ba000-7fd55d0c2000 rw-s 00000000 fc:01 262358                     /tmp/hsperfdata_root/10360
7fd55d0c2000-7fd55d0dd000 r-xp 00000000 fc:01 263185                     /usr/lib/jvm/java-17-oracle/lib/libjimage.so
7fd55d0dd000-7fd55d0de000 ---p 0001b000 fc:01 263185                     /usr/lib/jvm/java-17-oracle/lib/libjimage.so
7fd55d0de000-7fd55d0e0000 r--p 0001b000 fc:01 263185                     /usr/lib/jvm/java-17-oracle/lib/libjimage.so
7fd55d0e0000-7fd55d0e1000 rw-p 0001d000 fc:01 263185                     /usr/lib/jvm/java-17-oracle/lib/libjimage.so
7fd55d0e1000-7fd55d0e5000 ---p 00000000 00:00 0 
7fd55d0e5000-7fd55d1e1000 rw-p 00000000 00:00 0 
7fd55d1e1000-7fd55d1ef000 r--p 00000000 fc:01 131669                     /usr/lib/x86_64-linux-gnu/libm.so.6
7fd55d1ef000-7fd55d26b000 r-xp 0000e000 fc:01 131669                     /usr/lib/x86_64-linux-gnu/libm.so.6
7fd55d26b000-7fd55d2c6000 r--p 0008a000 fc:01 131669                     /usr/lib/x86_64-linux-gnu/libm.so.6
7fd55d2c6000-7fd55d2c7000 r--p 000e4000 fc:01 131669                     /usr/lib/x86_64-linux-gnu/libm.so.6
7fd55d2c7000-7fd55d2c8000 rw-p 000e5000 fc:01 131669                     /usr/lib/x86_64-linux-gnu/libm.so.6
7fd55d2c8000-7fd55d2c9000 r--p 00000000 fc:01 131842                     /usr/lib/x86_64-linux-gnu/librt.so.1
7fd55d2c9000-7fd55d2ca000 r-xp 00001000 fc:01 131842                     /usr/lib/x86_64-linux-gnu/librt.so.1
7fd55d2ca000-7fd55d2cb000 r--p 00002000 fc:01 131842                     /usr/lib/x86_64-linux-gnu/librt.so.1
7fd55d2cb000-7fd55d2cc000 r--p 00002000 fc:01 131842                     /usr/lib/x86_64-linux-gnu/librt.so.1
7fd55d2cc000-7fd55d2cd000 rw-p 00003000 fc:01 131842                     /usr/lib/x86_64-linux-gnu/librt.so.1
7fd55d2cd000-7fd55e400000 r-xp 00000000 fc:01 263217                     /usr/lib/jvm/java-17-oracle/lib/server/libjvm.so
7fd55e400000-7fd55e4b5000 r--p 01132000 fc:01 263217                     /usr/lib/jvm/java-17-oracle/lib/server/libjvm.so
7fd55e4b5000-7fd55e4e8000 rw-p 011e7000 fc:01 263217                     /usr/lib/jvm/java-17-oracle/lib/server/libjvm.so
7fd55e4e8000-7fd55e546000 rw-p 00000000 00:00 0 
7fd55e546000-7fd55e56e000 r--p 00000000 fc:01 131184                     /usr/lib/x86_64-linux-gnu/libc.so.6
7fd55e56e000-7fd55e703000 r-xp 00028000 fc:01 131184                     /usr/lib/x86_64-linux-gnu/libc.so.6
7fd55e703000-7fd55e75b000 r--p 001bd000 fc:01 131184                     /usr/lib/x86_64-linux-gnu/libc.so.6
7fd55e75b000-7fd55e75c000 ---p 00215000 fc:01 131184                     /usr/lib/x86_64-linux-gnu/libc.so.6
7fd55e75c000-7fd55e760000 r--p 00215000 fc:01 131184                     /usr/lib/x86_64-linux-gnu/libc.so.6
7fd55e760000-7fd55e762000 rw-p 00219000 fc:01 131184                     /usr/lib/x86_64-linux-gnu/libc.so.6
7fd55e762000-7fd55e76f000 rw-p 00000000 00:00 0 
7fd55e76f000-7fd55e770000 r--p 00000000 fc:01 131595                     /usr/lib/x86_64-linux-gnu/libdl.so.2
7fd55e770000-7fd55e771000 r-xp 00001000 fc:01 131595                     /usr/lib/x86_64-linux-gnu/libdl.so.2
7fd55e771000-7fd55e772000 r--p 00002000 fc:01 131595                     /usr/lib/x86_64-linux-gnu/libdl.so.2
7fd55e772000-7fd55e773000 r--p 00002000 fc:01 131595                     /usr/lib/x86_64-linux-gnu/libdl.so.2
7fd55e773000-7fd55e774000 rw-p 00003000 fc:01 131595                     /usr/lib/x86_64-linux-gnu/libdl.so.2
7fd55e774000-7fd55e775000 r--p 00000000 fc:01 131823                     /usr/lib/x86_64-linux-gnu/libpthread.so.0
7fd55e775000-7fd55e776000 r-xp 00001000 fc:01 131823                     /usr/lib/x86_64-linux-gnu/libpthread.so.0
7fd55e776000-7fd55e777000 r--p 00002000 fc:01 131823                     /usr/lib/x86_64-linux-gnu/libpthread.so.0
7fd55e777000-7fd55e778000 r--p 00002000 fc:01 131823                     /usr/lib/x86_64-linux-gnu/libpthread.so.0
7fd55e778000-7fd55e779000 rw-p 00003000 fc:01 131823                     /usr/lib/x86_64-linux-gnu/libpthread.so.0
7fd55e779000-7fd55e788000 r-xp 00000000 fc:01 263186                     /usr/lib/jvm/java-17-oracle/lib/libjli.so
7fd55e788000-7fd55e789000 r--p 0000e000 fc:01 263186                     /usr/lib/jvm/java-17-oracle/lib/libjli.so
7fd55e789000-7fd55e78a000 rw-p 0000f000 fc:01 263186                     /usr/lib/jvm/java-17-oracle/lib/libjli.so
7fd55e78a000-7fd55e78c000 r--p 00000000 fc:01 142487                     /usr/lib/x86_64-linux-gnu/libz.so.1.2.11
7fd55e78c000-7fd55e79d000 r-xp 00002000 fc:01 142487                     /usr/lib/x86_64-linux-gnu/libz.so.1.2.11
7fd55e79d000-7fd55e7a3000 r--p 00013000 fc:01 142487                     /usr/lib/x86_64-linux-gnu/libz.so.1.2.11
7fd55e7a3000-7fd55e7a4000 ---p 00019000 fc:01 142487                     /usr/lib/x86_64-linux-gnu/libz.so.1.2.11
7fd55e7a4000-7fd55e7a5000 r--p 00019000 fc:01 142487                     /usr/lib/x86_64-linux-gnu/libz.so.1.2.11
7fd55e7a5000-7fd55e7a6000 rw-p 0001a000 fc:01 142487                     /usr/lib/x86_64-linux-gnu/libz.so.1.2.11
7fd55e7a9000-7fd55e7aa000 ---p 00000000 00:00 0 
7fd55e7aa000-7fd55e7ab000 r--p 00000000 00:00 0 
7fd55e7ab000-7fd55e7ad000 rw-p 00000000 00:00 0 
7fd55e7ad000-7fd55e7af000 r--p 00000000 fc:01 131171                     /usr/lib/x86_64-linux-gnu/ld-linux-x86-64.so.2
7fd55e7af000-7fd55e7d9000 r-xp 00002000 fc:01 131171                     /usr/lib/x86_64-linux-gnu/ld-linux-x86-64.so.2
7fd55e7d9000-7fd55e7e4000 r--p 0002c000 fc:01 131171                     /usr/lib/x86_64-linux-gnu/ld-linux-x86-64.so.2
7fd55e7e4000-7fd55e7e5000 ---p 00000000 00:00 0 
7fd55e7e5000-7fd55e7e7000 r--p 00037000 fc:01 131171                     /usr/lib/x86_64-linux-gnu/ld-linux-x86-64.so.2
7fd55e7e7000-7fd55e7e9000 rw-p 00039000 fc:01 131171                     /usr/lib/x86_64-linux-gnu/ld-linux-x86-64.so.2
7ffc98199000-7ffc981ba000 rw-p 00000000 00:00 0                          [stack]
7ffc981be000-7ffc981c2000 r--p 00000000 00:00 0                          [vvar]
7ffc981c2000-7ffc981c4000 r-xp 00000000 00:00 0                          [vdso]
ffffffffff600000-ffffffffff601000 --xp 00000000 00:00 0                  [vsyscall]


VM Arguments:
jvm_args: -Xmx4096M -Xms4096M 
java_command: server.jar nogui
java_class_path (initial): server.jar
Launcher Type: SUN_STANDARD

[Global flags]
     intx CICompilerCount                          = 2                                         {product} {ergonomic}
     uint ConcGCThreads                            = 1                                         {product} {ergonomic}
     uint G1ConcRefinementThreads                  = 2                                         {product} {ergonomic}
   size_t G1HeapRegionSize                         = 2097152                                   {product} {ergonomic}
    uintx GCDrainStackTargetSize                   = 64                                        {product} {ergonomic}
   size_t InitialHeapSize                          = 4294967296                                {product} {command line}
   size_t MarkStackSize                            = 4194304                                   {product} {ergonomic}
   size_t MaxHeapSize                              = 4294967296                                {product} {command line}
   size_t MinHeapDeltaBytes                        = 2097152                                   {product} {ergonomic}
   size_t MinHeapSize                              = 4294967296                                {product} {command line}
    uintx NonNMethodCodeHeapSize                   = 5826188                                {pd product} {ergonomic}
    uintx NonProfiledCodeHeapSize                  = 122916026                              {pd product} {ergonomic}
    uintx ProfiledCodeHeapSize                     = 122916026                              {pd product} {ergonomic}
    uintx ReservedCodeCacheSize                    = 251658240                              {pd product} {ergonomic}
     bool SegmentedCodeCache                       = true                                      {product} {ergonomic}
   size_t SoftMaxHeapSize                          = 4294967296                             {manageable} {ergonomic}
     bool UseCompressedClassPointers               = true                           {product lp64_product} {ergonomic}
     bool UseCompressedOops                        = true                           {product lp64_product} {ergonomic}
     bool UseG1GC                                  = true                                      {product} {ergonomic}

Logging:
Log output configuration:
 #0: stdout all=warning uptime,level,tags
 #1: stderr all=off uptime,level,tags

Environment Variables:
JAVA_HOME=/usr/lib/jvm/java-17-oracle
PATH=/usr/local/sbin:/usr/local/bin:/usr/sbin:/usr/bin:/sbin:/bin:/usr/games:/usr/local/games:/snap/bin:/usr/lib/jvm/java-17-oracle/bin:/usr/lib/jvm/java-17-oracle/db/bin
SHELL=/bin/bash
LANG=en_US.UTF-8

Signal Handlers:
   SIGSEGV: crash_handler in libjvm.so, mask=11100100010111111101111111111110, flags=SA_RESTART|SA_SIGINFO
    SIGBUS: crash_handler in libjvm.so, mask=11100100010111111101111111111110, flags=SA_RESTART|SA_SIGINFO
    SIGFPE: crash_handler in libjvm.so, mask=11100100010111111101111111111110, flags=SA_RESTART|SA_SIGINFO
   SIGPIPE: javaSignalHandler in libjvm.so, mask=11100100010111111101111111111110, flags=SA_RESTART|SA_SIGINFO
   SIGXFSZ: javaSignalHandler in libjvm.so, mask=11100100010111111101111111111110, flags=SA_RESTART|SA_SIGINFO
    SIGILL: crash_handler in libjvm.so, mask=11100100010111111101111111111110, flags=SA_RESTART|SA_SIGINFO
   SIGUSR2: SR_handler in libjvm.so, mask=00000000000000000000000000000000, flags=SA_RESTART|SA_SIGINFO
    SIGHUP: SIG_DFL, mask=00000000000000000000000000000000, flags=none
    SIGINT: SIG_DFL, mask=00000000000000000000000000000000, flags=none
   SIGTERM: SIG_DFL, mask=00000000000000000000000000000000, flags=none
   SIGQUIT: UserHandler in libjvm.so, mask=11100100010111111101111111111110, flags=SA_RESTART|SA_SIGINFO
   SIGTRAP: crash_handler in libjvm.so, mask=11100100010111111101111111111110, flags=SA_RESTART|SA_SIGINFO


---------------  S Y S T E M  ---------------

OS:
DISTRIB_ID=Ubuntu
DISTRIB_RELEASE=22.04
DISTRIB_CODENAME=jammy
DISTRIB_DESCRIPTION="Ubuntu 22.04.4 LTS"
uname: Linux 5.15.0-119-generic #129-Ubuntu SMP Fri Aug 2 19:25:20 UTC 2024 x86_64
OS uptime: 0 days 0:08 hours
libc: glibc 2.35 NPTL 2.35 
rlimit (soft/hard): STACK 8192k/infinity , CORE 0k/infinity , NPROC 15377/15377 , NOFILE 1048576/1048576 , AS infinity/infinity , CPU infinity/infinity , DATA infinity/infinity , FSIZE infinity/infinity , MEMLOCK 500724k/500724k
load average: 0.06 0.24 0.15

/proc/meminfo:
MemTotal:        4005812 kB
MemFree:         1917808 kB
MemAvailable:    3533560 kB
Buffers:           40456 kB
Cached:          1747976 kB
SwapCached:            0 kB
Active:           766764 kB
Inactive:        1083012 kB
Active(anon):        964 kB
Inactive(anon):    70696 kB
Active(file):     765800 kB
Inactive(file):  1012316 kB
Unevictable:       27620 kB
Mlocked:           27620 kB
SwapTotal:             0 kB
SwapFree:              0 kB
Dirty:                 0 kB
Writeback:             0 kB
AnonPages:         88980 kB
Mapped:            83132 kB
Shmem:              1252 kB
KReclaimable:      84464 kB
Slab:             126028 kB
SReclaimable:      84464 kB
SUnreclaim:        41564 kB
KernelStack:        2296 kB
PageTables:         2104 kB
NFS_Unstable:          0 kB
Bounce:                0 kB
WritebackTmp:          0 kB
CommitLimit:     2002904 kB
Committed_AS:     466424 kB
VmallocTotal:   34359738367 kB
VmallocUsed:       15692 kB
VmallocChunk:          0 kB
Percpu:             1280 kB
HardwareCorrupted:     0 kB
AnonHugePages:         0 kB
ShmemHugePages:        0 kB
ShmemPmdMapped:        0 kB
FileHugePages:         0 kB
FilePmdMapped:         0 kB
HugePages_Total:       0
HugePages_Free:        0
HugePages_Rsvd:        0
HugePages_Surp:        0
Hugepagesize:       2048 kB
Hugetlb:               0 kB
DirectMap4k:      141164 kB
DirectMap2M:     3004416 kB
DirectMap1G:     3145728 kB

/sys/kernel/mm/transparent_hugepage/enabled: always [madvise] never
/sys/kernel/mm/transparent_hugepage/defrag (defrag/compaction efforts parameter): always defer defer+madvise [madvise] never

Process Memory:
Virtual Size: 857676K (peak: 5048212K)
Resident Set Size: 17884K (peak: 17884K) (anon: 5652K, file: 12232K, shmem: 0K)
Swapped out: 0K
C-Heap outstanding allocations: 8713K, retained: 446K

/proc/sys/kernel/threads-max (system-wide limit on the number of threads): 30755
/proc/sys/vm/max_map_count (maximum number of memory map areas a process may have): 65530
/proc/sys/kernel/pid_max (system-wide limit on number of process identifiers): 4194304

container (cgroup) information:
container_type: cgroupv2
cpu_cpuset_cpus: not supported
cpu_memory_nodes: not supported
active_processor_count: 2
cpu_quota: not supported
cpu_period: not supported
cpu_shares: not supported
memory_limit_in_bytes: unlimited
memory_and_swap_limit_in_bytes: unlimited
memory_soft_limit_in_bytes: unlimited
memory_usage_in_bytes: 8585216
memory_max_usage_in_bytes: not supported
maximum number of tasks: unlimited
current number of tasks: 7

KVM virtualization detected
Steal ticks since vm start: 0
Steal ticks percentage since vm start:  0.000

CPU: total 2 (initial active 2) (1 cores per cpu, 1 threads per core) family 6 model 58 stepping 9 microcode 0x1, cx8, cmov, fxsr, mmx, sse, sse2, sse3, ssse3, sse4.1, sse4.2, popcnt, lzcnt, tsc, avx, avx2, aes, erms, clmul, bmi1, bmi2, adx, fma, vzeroupper, clflush, hv
CPU Model and flags from /proc/cpuinfo:
model name	: QEMU Virtual CPU version 4.2.0
flags		: fpu vme de pse tsc msr pae mce cx8 apic sep mtrr pge mca cmov pat pse36 clflush mmx fxsr sse sse2 syscall nx pdpe1gb rdtscp lm constant_tsc rep_good nopl xtopology cpuid tsc_known_freq pni pclmulqdq ssse3 fma cx16 pcid sse4_1 sse4_2 x2apic movbe popcnt tsc_deadline_timer aes xsave avx f16c rdrand hypervisor lahf_lm abm cpuid_fault invpcid_single pti ssbd ibrs ibpb fsgsbase tsc_adjust bmi1 avx2 smep bmi2 erms invpcid rdseed adx smap xsaveopt arat md_clear

Online cpus: 0-1
Offline cpus: 
BIOS frequency limitation: <Not Available>
Frequency switch latency (ns): <Not Available>
Available cpu frequencies: <Not Available>
Current governor: <Not Available>
Core performance/turbo boost: <Not Available>

Memory: 4k page, physical 4005812k(1917808k free), swap 0k(0k free)
Page Sizes: 4k

vm_info: Java HotSpot(TM) 64-Bit Server VM (17.0.6+9-LTS-190) for linux-amd64 JRE (17.0.6+9-LTS-190), built on Dec  6 2022 15:46:54 by "mach5one" with gcc 10.3.0

END.
