[17:17:33] [ServerMain/INFO]: Environment: Environment[sessionHost=https://sessionserver.mojang.com, servicesHost=https://api.minecraftservices.com, name=PROD]
[17:17:35] [ServerMain/INFO]: Loaded 1290 recipes
[17:17:35] [ServerMain/INFO]: Loaded 1399 advancements
[17:17:36] [Server thread/INFO]: Starting minecraft server version 1.21.1
[17:17:36] [Server thread/INFO]: Loading properties
[17:17:36] [Server thread/INFO]: Default game type: SURVIVAL
[17:17:36] [Server thread/INFO]: Generating keypair
[17:17:36] [Server thread/INFO]: Starting Minecraft server on *:25565
[17:17:36] [Server thread/INFO]: Using epoll channel type
[17:17:36] [Server thread/WARN]: **** SERVER IS RUNNING IN OFFLINE/INSECURE MODE!
[17:17:36] [Server thread/WARN]: The server will make no attempt to authenticate usernames. Beware.
[17:17:36] [Server thread/WARN]: While this makes the game possible to play without internet access, it also opens up the ability for hackers to connect with any username they choose.
[17:17:36] [Server thread/WARN]: To change this, set "online-mode" to "true" in the server.properties file.
[17:17:36] [Server thread/INFO]: Preparing level "world"
[17:17:40] [Server thread/INFO]: Preparing start region for dimension minecraft:overworld
[17:17:40] [Worker-Main-1/INFO]: Preparing spawn area: 0%
[17:17:40] [Worker-Main-1/INFO]: Preparing spawn area: 0%
[17:17:41] [Server thread/INFO]: Time elapsed: 737 ms
[17:17:41] [Server thread/INFO]: Done (4.071s)! For help, type "help"
[17:17:56] [Server thread/INFO]: Endarg[/176.57.221.216:59594] logged in with entity id 8 at (-5725.202692260292, 28.0, 3700.4248818509755)
[17:17:56] [Server thread/INFO]: Endarg joined the game
[17:18:18] [Server thread/INFO]: joplenius[/5.178.148.92:3159] logged in with entity id 646 at (-5532.4363331282675, -16.0, 6847.116439552805)
[17:18:18] [Server thread/INFO]: joplenius joined the game
[17:34:28] [Server thread/INFO]: Endarg lost connection: Disconnected
[17:34:28] [Server thread/INFO]: Endarg left the game
[17:39:47] [Server thread/INFO]: joplenius has made the advancement [Take Aim]
[17:50:21] [Server thread/INFO]: Endarg[/176.57.221.216:59873] logged in with entity id 17093 at (-5551.8754008474025, 62.11076431274413, 6846.037532229783)
[17:50:21] [Server thread/INFO]: Endarg joined the game
[17:50:33] [Server thread/INFO]: joplenius lost connection: Disconnected
[17:50:33] [Server thread/INFO]: joplenius left the game
[17:50:44] [Server thread/INFO]: joplenius[/5.178.148.92:3298] logged in with entity id 17268 at (-5471.699999988079, 54.0, 6906.60437047889)
[17:50:44] [Server thread/INFO]: joplenius joined the game
[18:03:06] [Server thread/INFO]: joplenius lost connection: Disconnected
[18:03:06] [Server thread/INFO]: joplenius left the game
[18:09:37] [Server thread/INFO]: joplenius[/5.178.148.92:3148] logged in with entity id 22191 at (-5469.322650488771, 64.0, 6870.3842453726575)
[18:09:37] [Server thread/INFO]: joplenius joined the game
[18:16:19] [Server thread/INFO]: joplenius has made the advancement [A Seedy Place]
[18:35:26] [Server thread/INFO]: joplenius lost connection: Disconnected
[18:35:26] [Server thread/INFO]: joplenius left the game
[18:35:38] [Server thread/INFO]: joplenius[/5.178.148.92:3286] logged in with entity id 33269 at (-5393.699999988079, 68.0, 6992.080058933665)
[18:35:38] [Server thread/INFO]: joplenius joined the game
[18:46:00] [Server thread/INFO]: Endarg lost connection: Disconnected
[18:46:00] [Server thread/INFO]: Endarg left the game
[18:46:16] [Server thread/INFO]: Endarg[/176.57.221.216:60394] logged in with entity id 38851 at (-5532.076691713689, 71.0, 6909.623356150119)
[18:46:16] [Server thread/INFO]: Endarg joined the game
[18:47:36] [Server thread/INFO]: Endarg has made the advancement [The Parrots and the Bats]
[18:47:47] [Server thread/INFO]: [Not Secure] <joplenius> быстро они )00))
[18:47:59] [Server thread/INFO]: [Not Secure] <joplenius> уже беременную привёл
[18:51:08] [Server thread/INFO]: [Not Secure] <joplenius> )0))))
[18:51:19] [Server thread/INFO]: [Not Secure] <joplenius> будет сделано
[18:52:04] [Server thread/INFO]: [Not Secure] <joplenius> хех
[18:52:18] [Server thread/INFO]: [Not Secure] <joplenius> деревень было пройдено много, но искать их теперь суперлень
[18:52:21] [Server thread/INFO]: [Not Secure] <joplenius> штош
[18:57:11] [Server thread/INFO]: Endarg has made the advancement [Crafting a New Look]
[19:01:44] [Server thread/INFO]: joplenius was blown up by Creeper
[19:01:52] [Server thread/INFO]: [Not Secure] <joplenius> забери экспу )
[19:02:28] [Server thread/INFO]: Endarg has made the advancement [Not Today, Thank You]
[19:03:54] [Server thread/INFO]: [Not Secure] <joplenius> срю, попал тебе в зад
[19:04:10] [Server thread/INFO]: [Not Secure] <joplenius> шреку тоже попадало
[19:05:49] [Server thread/INFO]: [Not Secure] <joplenius> а раньше тонули?
[19:06:55] [Server thread/INFO]: [Not Secure] <joplenius> бфл 27 урговень ,стал 9
[19:07:01] [Server thread/INFO]: [Not Secure] <joplenius> найс нафармил опыт
[19:07:08] [Server thread/INFO]: [Not Secure] <joplenius> нафармил, проверяй
[19:08:25] [Server thread/INFO]: [Not Secure] <joplenius> если пездюка кормить он быстрее вырастет?
[19:13:01] [Server thread/INFO]: [Not Secure] <joplenius> тф где?
[19:18:08] [Server thread/INFO]: [Not Secure] <joplenius> у нас несколько стаков брёвен
[19:18:17] [Server thread/INFO]: [Not Secure] <joplenius> в верхнем сундуке
[19:20:36] [Server thread/INFO]: joplenius has made the advancement [The Parrots and the Bats]
[19:21:16] [Server thread/INFO]: [Not Secure] <joplenius> как у тебф такая красивая броня?
[19:21:59] [Server thread/INFO]: [Not Secure] <joplenius> хддд
[19:22:50] [Server thread/INFO]: [Not Secure] <joplenius> я руккмси собиралэ
[19:23:27] [Server thread/INFO]: [Not Secure] <joplenius> да )
[19:25:01] [Server thread/INFO]: [Not Secure] <joplenius> я вторую привёл
[19:28:17] [Server thread/INFO]: joplenius lost connection: Disconnected
[19:28:17] [Server thread/INFO]: joplenius left the game
[19:28:27] [Server thread/INFO]: joplenius[/5.178.148.92:3267] logged in with entity id 50581 at (-5513.699999988079, 78.0, 6853.372666347701)
[19:28:27] [Server thread/INFO]: joplenius joined the game
[19:35:54] [Server thread/INFO]: [Not Secure] <joplenius> бахну курятник
[19:36:00] [Server thread/INFO]: [Not Secure] <joplenius> их можно будет убивать
[19:37:38] [Server thread/INFO]: [Not Secure] <joplenius> чуть на балконе не ебанул компростер
[19:38:15] [Server thread/INFO]: [Not Secure] <joplenius> нужно несколько вёдер и пара тысяч червей (стоит косарь рублей )000)
[19:38:36] [Server thread/INFO]: [Not Secure] <joplenius> зимой на балконе могут замёрзнуть
[19:38:49] [Server thread/INFO]: [Not Secure] <joplenius> а в доме женшина будет недовольна )0000
[19:39:07] [Server thread/INFO]: [Not Secure] <joplenius> П Р О Д А В А Т Ь компост и червей
[19:39:30] [Server thread/INFO]: [Not Secure] <joplenius> ))))))))))
[19:40:08] [Server thread/INFO]: Endarg lost connection: Disconnected
[19:40:08] [Server thread/INFO]: Endarg left the game
[19:40:14] [Server thread/INFO]: [Not Secure] <joplenius> оке
[19:55:07] [Server thread/INFO]: Endarg[/176.57.221.216:61143] logged in with entity id 56509 at (-5466.5, 64.0, 6870.5)
[19:55:07] [Server thread/INFO]: Endarg joined the game
[20:07:01] [Server thread/INFO]: Endarg has made the advancement [Fishy Business]
[20:07:15] [Server thread/INFO]: joplenius lost connection: Disconnected
[20:07:15] [Server thread/INFO]: joplenius left the game
[20:07:25] [Server thread/INFO]: joplenius[/5.178.148.92:3311] logged in with entity id 61989 at (-5718.333764590005, 63.0, 7259.027777110043)
[20:07:25] [Server thread/INFO]: joplenius joined the game
[20:07:48] [Server thread/INFO]: joplenius has made the advancement [Ice Bucket Challenge]
[20:08:00] [Server thread/INFO]: joplenius has made the advancement [Who is Cutting Onions?]
[20:13:01] [Server thread/WARN]: Can't keep up! Is the server overloaded? Running 2026ms or 40 ticks behind
[20:15:57] [Server thread/WARN]: Can't keep up! Is the server overloaded? Running 2047ms or 40 ticks behind
[20:17:03] [Server thread/WARN]: Can't keep up! Is the server overloaded? Running 2023ms or 40 ticks behind
[20:17:19] [Server thread/INFO]: Endarg has made the advancement [Tactical Fishing]
[20:17:22] [Server thread/WARN]: Can't keep up! Is the server overloaded? Running 3208ms or 64 ticks behind
[20:17:40] [Server thread/WARN]: Can't keep up! Is the server overloaded? Running 2630ms or 52 ticks behind
[20:18:11] [Server thread/INFO]: joplenius lost connection: Disconnected
[20:18:11] [Server thread/INFO]: joplenius left the game
[20:18:21] [Server thread/INFO]: joplenius[/5.178.148.92:3278] logged in with entity id 68936 at (-6214.859801241307, 65.0, 6920.847010382955)
[20:18:21] [Server thread/INFO]: joplenius joined the game
[20:18:38] [Server thread/INFO]: Endarg has made the advancement [Voluntary Exile]
[20:20:29] [Server thread/WARN]: Can't keep up! Is the server overloaded? Running 2027ms or 40 ticks behind
[20:22:04] [Server thread/WARN]: Can't keep up! Is the server overloaded? Running 2001ms or 40 ticks behind
[20:27:33] [Server thread/INFO]: Endarg has made the advancement [Ice Bucket Challenge]
[20:33:00] [Server thread/INFO]: Endarg has made the advancement [Diamonds!]
[20:45:51] [Server thread/INFO]: Endarg has made the advancement [Enchanter]
[20:54:01] [Server thread/INFO]: [Not Secure] <Endarg> niggers
[21:02:34] [Server thread/INFO]: Endarg lost connection: Disconnected
[21:02:34] [Server thread/INFO]: Endarg left the game
[21:04:47] [Server thread/INFO]: Endarg[/176.57.221.216:61745] logged in with entity id 82433 at (-5447.005668877228, 61.093533216116064, 7145.700630356112)
[21:04:47] [Server thread/INFO]: Endarg joined the game
[21:05:25] [Server thread/INFO]: Endarg lost connection: Disconnected
[21:05:25] [Server thread/INFO]: Endarg left the game
[21:05:46] [Server thread/INFO]: Endarg[/176.57.221.216:61751] logged in with entity id 83172 at (-5395.300000011921, 63.0, 7117.575230682782)
[21:05:46] [Server thread/INFO]: Endarg joined the game
[21:06:03] [Server thread/INFO]: joplenius lost connection: Disconnected
[21:06:03] [Server thread/INFO]: joplenius left the game
[21:17:41] [Server thread/INFO]: joplenius[/5.178.148.92:20539] logged in with entity id 86330 at (-5428.482228309166, 64.0, 6868.774048615965)
[21:17:41] [Server thread/INFO]: joplenius joined the game
[21:39:29] [Server thread/INFO]: Endarg has made the advancement [Isn't It Iron Pick]
[21:48:03] [Server thread/INFO]: Endarg lost connection: Disconnected
[21:48:03] [Server thread/INFO]: Endarg left the game
[21:48:07] [Server thread/INFO]: joplenius lost connection: Disconnected
[21:48:07] [Server thread/INFO]: joplenius left the game
